<?xml version="1.0" encoding="UTF-8"?>
<testng-results ignored="0" total="2" passed="2" failed="0" skipped="0">
  <reporter-output>
  </reporter-output>
  <suite started-at="2024-09-20T13:00:41 IST" name="DemoWebShopSuite" finished-at="2024-09-20T13:01:51 IST" duration-ms="70613">
    <groups>
    </groups>
    <test started-at="2024-09-20T13:00:41 IST" name="RegisterAndLoginTest" finished-at="2024-09-20T13:01:51 IST" duration-ms="70613">
      <class name="com.lavatech.tests.RegisterAndLoginTest">
        <test-method is-config="true" signature="setUp()[pri:0, instance:com.lavatech.tests.RegisterAndLoginTest@4218d6a3]" started-at="2024-09-20T13:00:41 IST" name="setUp" finished-at="2024-09-20T13:01:39 IST" duration-ms="58111" status="PASS">
          <reporter-output>
          </reporter-output>
        </test-method> <!-- setUp -->
        <test-method signature="testRegister()[pri:1, instance:com.lavatech.tests.RegisterAndLoginTest@4218d6a3]" started-at="2024-09-20T13:01:39 IST" name="testRegister" finished-at="2024-09-20T13:01:47 IST" duration-ms="8068" status="PASS">
          <reporter-output>
          </reporter-output>
        </test-method> <!-- testRegister -->
        <test-method signature="testLogin()[pri:0, instance:com.lavatech.tests.RegisterAndLoginTest@4218d6a3]" started-at="2024-09-20T13:01:47 IST" name="testLogin" finished-at="2024-09-20T13:01:51 IST" depends-on-methods="com.lavatech.tests.RegisterAndLoginTest.testRegister" duration-ms="3368" status="PASS">
          <reporter-output>
          </reporter-output>
        </test-method> <!-- testLogin -->
        <test-method is-config="true" signature="tearDown()[pri:0, instance:com.lavatech.tests.RegisterAndLoginTest@4218d6a3]" started-at="2024-09-20T13:01:51 IST" name="tearDown" finished-at="2024-09-20T13:01:51 IST" duration-ms="781" status="PASS">
          <reporter-output>
          </reporter-output>
        </test-method> <!-- tearDown -->
      </class> <!-- com.lavatech.tests.RegisterAndLoginTest -->
    </test> <!-- RegisterAndLoginTest -->
  </suite> <!-- DemoWebShopSuite -->
</testng-results>
